1643824278970	geckodriver	INFO	Listening on 127.0.0.1:63901
1643824282084	mozrunner::runner	INFO	Running command: "C:\\Program Files\\Mozilla Firefox\\firefox.exe" "--marionette" "--remote-debugging-port" "63902" "-no-remote" "-profile" "C:\\Users\\Sturgart\\AppData\\Local\\Temp\\rust_mozprofilevV52Wd"
JavaScript error: cck2.cfg, line 24: ReferenceError: Components is not defined
1643824283848	Marionette	INFO	Marionette enabled
console.warn: SearchSettings: "get: No settings file exists, new profile?" (new NotFoundError("Could not open the file at C:\\Users\\Sturgart\\AppData\\Local\\Temp\\rust_mozprofilevV52Wd\\search.json.mozlz4", (void 0)))
DevTools listening on ws://localhost:63902/devtools/browser/16f21342-73da-4161-b6f2-2c6209f82c8b
1643824287291	Marionette	INFO	Listening on port 63907
1643824287434	RemoteAgent	WARN	TLS certificate errors will be ignored for this session
1643824290551	Marionette	INFO	Stopped listening on port 63907
console.warn: TopSitesFeed: Failed to fetch data from Contile server: NetworkError when attempting to fetch resource.
1643824382293	geckodriver	INFO	Listening on 127.0.0.1:63966
1643824385365	mozrunner::runner	INFO	Running command: "C:\\Program Files\\Mozilla Firefox\\firefox.exe" "--marionette" "--remote-debugging-port" "63967" "-no-remote" "-profile" "C:\\Users\\Sturgart\\AppData\\Local\\Temp\\rust_mozprofilen5bV8T"
JavaScript error: cck2.cfg, line 24: ReferenceError: Components is not defined
1643824385882	Marionette	INFO	Marionette enabled
console.warn: SearchSettings: "get: No settings file exists, new profile?" (new NotFoundError("Could not open the file at C:\\Users\\Sturgart\\AppData\\Local\\Temp\\rust_mozprofilen5bV8T\\search.json.mozlz4", (void 0)))
DevTools listening on ws://localhost:63967/devtools/browser/64cda296-91b5-476c-9cc9-6b81e71e05fe
1643824388617	Marionette	INFO	Listening on port 63972
1643824389084	RemoteAgent	WARN	TLS certificate errors will be ignored for this session
1643824392935	Marionette	INFO	Stopped listening on port 63972
console.warn: TopSitesFeed: Failed to fetch data from Contile server: NetworkError when attempting to fetch resource.
JavaScript error: resource://gre/modules/CrashMonitor.jsm, line 201: AbortError: IOUtils: Shutting down and refusing additional I/O tasks
1643829195702	geckodriver	INFO	Listening on 127.0.0.1:51914
1643829198805	mozrunner::runner	INFO	Running command: "C:\\Program Files\\Mozilla Firefox\\firefox.exe" "--marionette" "--remote-debugging-port" "51915" "-no-remote" "-profile" "C:\\Users\\Sturgart\\AppData\\Local\\Temp\\rust_mozprofilewtRVBr"
JavaScript error: cck2.cfg, line 24: ReferenceError: Components is not defined
1643829200563	Marionette	INFO	Marionette enabled
console.warn: SearchSettings: "get: No settings file exists, new profile?" (new NotFoundError("Could not open the file at C:\\Users\\Sturgart\\AppData\\Local\\Temp\\rust_mozprofilewtRVBr\\search.json.mozlz4", (void 0)))
DevTools listening on ws://localhost:51915/devtools/browser/d252fa9f-c102-4910-aea6-6d7fa074aea2
1643829204000	Marionette	INFO	Listening on port 51920
1643829204105	RemoteAgent	WARN	TLS certificate errors will be ignored for this session
console.warn: LoginRecipes: "getRecipes: falling back to a synchronous message for:" "https://login.live.com"
console.warn: LoginRecipes: "getRecipes: falling back to a synchronous message for:" "https://login.live.com"
console.warn: LoginRecipes: "getRecipes: falling back to a synchronous message for:" "https://login.live.com"
console.warn: LoginRecipes: "getRecipes: falling back to a synchronous message for:" "https://login.live.com"
JavaScript error: resource://gre/modules/LoginManagerParent.jsm, line 136: TypeError: gRecipeManager is null
console.warn: LoginRecipes: "getRecipes: falling back to a synchronous message for:" "https://login.live.com"
JavaScript error: resource://gre/modules/LoginManagerParent.jsm, line 136: TypeError: gRecipeManager is null
console.warn: LoginRecipes: "getRecipes: falling back to a synchronous message for:" "https://login.live.com"
JavaScript error: resource://gre/modules/LoginManagerParent.jsm, line 136: TypeError: gRecipeManager is null
console.warn: LoginRecipes: "getRecipes: falling back to a synchronous message for:" "https://login.live.com"
JavaScript error: resource://gre/modules/LoginManagerParent.jsm, line 136: TypeError: gRecipeManager is null
console.warn: LoginRecipes: "getRecipes: falling back to a synchronous message for:" "https://login.live.com"
JavaScript error: resource://gre/modules/LoginManagerParent.jsm, line 136: TypeError: gRecipeManager is null
console.warn: LoginRecipes: "getRecipes: falling back to a synchronous message for:" "https://login.live.com"
JavaScript error: resource://gre/modules/LoginManagerParent.jsm, line 136: TypeError: gRecipeManager is null
console.warn: LoginRecipes: "getRecipes: falling back to a synchronous message for:" "https://login.live.com"
JavaScript error: resource://gre/modules/LoginManagerParent.jsm, line 136: TypeError: gRecipeManager is null
console.warn: LoginRecipes: "getRecipes: falling back to a synchronous message for:" "https://login.live.com"
JavaScript error: resource://gre/modules/LoginManagerParent.jsm, line 136: TypeError: gRecipeManager is null
console.warn: LoginRecipes: "getRecipes: falling back to a synchronous message for:" "https://login.live.com"
JavaScript error: resource://gre/modules/LoginManagerParent.jsm, line 136: TypeError: gRecipeManager is null
1643829285843	Marionette	INFO	Stopped listening on port 51920
console.warn: TopSitesFeed: Failed to fetch data from Contile server: NetworkError when attempting to fetch resource.
remote-debugging-port" "56471" "-no-remote" "-profile" "C:\\Users\\Sturgart\\AppData\\Local\\Temp\\rust_mozprofilevt0iQy"
JavaScript error: cck2.cfg, line 24: ReferenceError: Components is not defined
1643829247596	Marionette	INFO	Marionette enabled
console.warn: SearchSettings: "get: No settings file exists, new profile?" (new NotFoundError("Could not open the file at C:\\Users\\Sturgart\\AppData\\Local\\Temp\\rust_mozprofilevt0iQy\\search.json.mozlz4", (void 0)))
DevTools listening on ws://localhost:56471/devtools/browser/3635b406-1fa2-461a-a76b-d76d8528cfa6
1643829250745	Marionette	INFO	Listening on port 56476
1643829251263	RemoteAgent	WARN	TLS certificate errors will be ignored for this session
console.warn: LoginRecipes: "getRecipes: falling back to a synchronous message for:" "https://login.live.com"
console.warn: LoginRecipes: "getRecipes: falling back to a synchronous message for:" "https://login.live.com"
console.warn: LoginRecipes: "getRecipes: falling back to a synchronous message for:" "https://login.live.com"
JavaScript error: resource://gre/modules/LoginManagerParent.jsm, line 136: TypeError: gRecipeManager is null
console.warn: LoginRecipes: "getRecipes: falling back to a synchronous message for:" "https://login.live.com"
JavaScript error: resource://gre/modules/LoginManagerParent.jsm, line 136: TypeError: gRecipeManager is null
console.warn: LoginRecipes: "getRecipes: falling back to a synchronous message for:" "https://login.live.com"
JavaScript error: resource://gre/modules/LoginManagerParent.jsm, line 136: TypeError: gRecipeManager is null
console.warn: LoginRecipes: "getRecipes: falling back to a synchronous message for:" "https://login.live.com"
JavaScript error: resource://gre/modules/LoginManagerParent.jsm, line 136: TypeError: gRecipeManager is null
console.warn: LoginRecipes: "getRecipes: falling back to a synchronous message for:" "https://login.live.com"
JavaScript error: resource://gre/modules/LoginManagerParent.jsm, line 136: TypeError: gRecipeManager is null
console.warn: LoginRecipes: "getRecipes: falling back to a synchronous message for:" "https://login.live.com"
JavaScript error: resource://gre/modules/LoginManagerParent.jsm, line 136: TypeError: gRecipeManager is null
console.warn: LoginRecipes: "getRecipes: falling back to a synchronous message for:" "https://login.live.com"
JavaScript error: resource://gre/modules/LoginManagerParent.jsm, line 136: TypeError: gRecipeManager is null
console.warn: LoginRecipes: "getRecipes: falling back to a synchronous message for:" "https://login.live.com"
JavaScript error: resource://gre/modules/LoginManagerParent.jsm, line 136: TypeError: gRecipeManager is null
console.warn: LoginRecipes: "getRecipes: falling back to a synchronous message for:" "https://login.live.com"
JavaScript error: resource://gre/modules/LoginManagerParent.jsm, line 136: TypeError: gRecipeManager is null
console.warn: LoginRecipes: "getRecipes: falling back to a synchronous message for:" "https://login.live.com"
JavaScript error: resource://gre/modules/LoginManagerParent.jsm, line 136: TypeError: gRecipeManager is null
1643829286742	Marionette	INFO	Stopped listening on port 56476
console.warn: TopSitesFeed: Failed to fetch data from Contile server: NetworkError when attempting to fetch resource.
console.error: "Could not write session state file " (new Error("IOUtils: Shutting down and refusing additional I/O tasks", (void 0), 106)) "DOMException@resource://gre/modules/PromiseWorker.jsm:106:18\npostMessage@resource://gre/modules/PromiseWorker.jsm:342:55\nobserve@resource://gre/modules/AsyncShutdown.jsm:575:16\n"
JavaScript error: resource://gre/modules/CrashMonitor.jsm, line 201: AbortError: IOUtils: Shutting down and refusing additional I/O tasks
1643829293455	geckodriver	INFO	Listening on 127.0.0.1:57887
1643829296562	mozrunner::runner	INFO	Running command: "C:\\Program Files\\Mozilla Firefox\\firefox.exe" "--marionette" "--remote-debugging-port" "57888" "-no-remote" "-profile" "C:\\Users\\Sturgart\\AppData\\Local\\Temp\\rust_mozprofileZ9HiPV"
JavaScript error: cck2.cfg, line 24: ReferenceError: Components is not defined
1643829298327	Marionette	INFO	Marionette enabled
console.warn: SearchSettings: "get: No settings file exists, new profile?" (new NotFoundError("Could not open the file at C:\\Users\\Sturgart\\AppData\\Local\\Temp\\rust_mozprofileZ9HiPV\\search.json.mozlz4", (void 0)))
DevTools listening on ws://localhost:57888/devtools/browser/4786484e-8d52-42c6-a319-8de664d22ef7
1643829301170	Marionette	INFO	Listening on port 57893
1643829301357	RemoteAgent	WARN	TLS certificate errors will be ignored for this session
console.warn: LoginRecipes: "getRecipes: falling back to a synchronous message for:" "https://login.live.com"
console.warn: LoginRecipes: "getRecipes: falling back to a synchronous message for:" "https://login.live.com"
console.warn: LoginRecipes: "getRecipes: falling back to a synchronous message for:" "https://login.live.com"
console.warn: LoginRecipes: "getRecipes: falling back to a synchronous message for:" "https://login.live.com"
JavaScript error: resource://gre/modules/LoginManagerParent.jsm, line 136: TypeError: gRecipeManager is null
console.warn: LoginRecipes: "getRecipes: falling back to a synchronous message for:" "https://login.live.com"
JavaScript error: resource://gre/modules/LoginManagerParent.jsm, line 136: TypeError: gRecipeManager is null
console.warn: LoginRecipes: "getRecipes: falling back to a synchronous message for:" "https://login.live.com"
JavaScript error: resource://gre/modules/LoginManagerParent.jsm, line 136: TypeError: gRecipeManager is null
console.warn: LoginRecipes: "getRecipes: falling back to a synchronous message for:" "https://login.live.com"
JavaScript error: resource://gre/modules/LoginManagerParent.jsm, line 136: TypeError: gRecipeManager is null
console.warn: LoginRecipes: "getRecipes: falling back to a synchronous message for:" "https://login.live.com"
JavaScript error: resource://gre/modules/LoginManagerParent.jsm, line 136: TypeError: gRecipeManager is null
console.warn: LoginRecipes: "getRecipes: falling back to a synchronous message for:" "https://login.live.com"
JavaScript error: resource://gre/modules/LoginManagerParent.jsm, line 136: TypeError: gRecipeManager is null
console.warn: LoginRecipes: "getRecipes: falling back to a synchronous message for:" "https://login.live.com"
JavaScript error: resource://gre/modules/LoginManagerParent.jsm, line 136: TypeError: gRecipeManager is null
console.warn: LoginRecipes: "getRecipes: falling back to a synchronous message for:" "https://login.live.com"
JavaScript error: resource://gre/modules/LoginManagerParent.jsm, line 136: TypeError: gRecipeManager is null
console.warn: LoginRecipes: "getRecipes: falling back to a synchronous message for:" "https://login.live.com"
JavaScript error: resource://gre/modules/LoginManagerParent.jsm, line 136: TypeError: gRecipeManager is null
1643829339496	Marionette	INFO	Stopped listening on port 57893
console.warn: TopSitesFeed: Failed to fetch data from Contile server: NetworkError when attempting to fetch resource.
1643829354389	geckodriver	INFO	Listening on 127.0.0.1:62662
1643829357458	mozrunner::runner	INFO	Running command: "C:\\Program Files\\Mozilla Firefox\\firefox.exe" "--marionette" "--remote-debugging-port" "62663" "-no-remote" "-profile" "C:\\Users\\Sturgart\\AppData\\Local\\Temp\\rust_mozprofile2NC2gi"
JavaScript error: cck2.cfg, line 24: ReferenceError: Components is not defined
1643829358696	Marionette	INFO	Marionette enabled
console.warn: SearchSettings: "get: No settings file exists, new profile?" (new NotFoundError("Could not open the file at C:\\Users\\Sturgart\\AppData\\Local\\Temp\\rust_mozprofile2NC2gi\\search.json.mozlz4", (void 0)))
DevTools listening on ws://localhost:62663/devtools/browser/5f84907d-6697-455d-bd43-a2b0d7ad1bc0
1643829361285	Marionette	INFO	Listening on port 62668
1643829361613	RemoteAgent	WARN	TLS certificate errors will be ignored for this session
console.warn: LoginRecipes: "getRecipes: falling back to a synchronous message for:" "https://login.live.com"
console.warn: LoginRecipes: "getRecipes: falling back to a synchronous message for:" "https://login.live.com"
console.warn: LoginRecipes: "getRecipes: falling back to a synchronous message for:" "https://login.live.com"
JavaScript error: resource://gre/modules/LoginManagerParent.jsm, line 136: TypeError: gRecipeManager is null
console.warn: LoginRecipes: "getRecipes: falling back to a synchronous message for:" "https://login.live.com"
JavaScript error: resource://gre/modules/LoginManagerParent.jsm, line 136: TypeError: gRecipeManager is null
console.warn: LoginRecipes: "getRecipes: falling back to a synchronous message for:" "https://login.live.com"
JavaScript error: resource://gre/modules/LoginManagerParent.jsm, line 136: TypeError: gRecipeManager is null
console.warn: LoginRecipes: "getRecipes: falling back to a synchronous message for:" "https://login.live.com"
JavaScript error: resource://gre/modules/LoginManagerParent.jsm, line 136: TypeError: gRecipeManager is null
console.warn: LoginRecipes: "getRecipes: falling back to a synchronous message for:" "https://login.live.com"
JavaScript error: resource://gre/modules/LoginManagerParent.jsm, line 136: TypeError: gRecipeManager is null
console.warn: LoginRecipes: "getRecipes: falling back to a synchronous message for:" "https://login.live.com"
JavaScript error: resource://gre/modules/LoginManagerParent.jsm, line 136: TypeError: gRecipeManager is null
console.warn: LoginRecipes: "getRecipes: falling back to a synchronous message for:" "https://login.live.com"
JavaScript error: resource://gre/modules/LoginManagerParent.jsm, line 136: TypeError: gRecipeManager is null
console.warn: LoginRecipes: "getRecipes: falling back to a synchronous message for:" "https://login.live.com"
JavaScript error: resource://gre/modules/LoginManagerParent.jsm, line 136: TypeError: gRecipeManager is null
console.warn: LoginRecipes: "getRecipes: falling back to a synchronous message for:" "https://login.live.com"
JavaScript error: resource://gre/modules/LoginManagerParent.jsm, line 136: TypeError: gRecipeManager is null
console.warn: LoginRecipes: "getRecipes: falling back to a synchronous message for:" "https://login.live.com"
JavaScript error: resource://gre/modules/LoginManagerParent.jsm, line 136: TypeError: gRecipeManager is null
1643829503845	Marionette	INFO	Stopped listening on port 62668
console.warn: TopSitesFeed: Failed to fetch data from Contile server: NetworkError when attempting to fetch resource.

###!!! [Child][RunMessage] Error: Channel closing: too late to send/recv, messages will be lost

st_mozprofileq4QvU2"
JavaScript error: cck2.cfg, line 24: ReferenceError: Components is not defined
1643829420598	Marionette	INFO	Marionette enabled
console.warn: SearchSettings: "get: No settings file exists, new profile?" (new NotFoundError("Could not open the file at C:\\Users\\Sturgart\\AppData\\Local\\Temp\\rust_mozprofileq4QvU2\\search.json.mozlz4", (void 0)))
DevTools listening on ws://localhost:64912/devtools/browser/cbc55b0d-4399-4a3f-a77a-8ed3e38ee94e
1643829424304	Marionette	INFO	Listening on port 64917
1643829424365	RemoteAgent	WARN	TLS certificate errors will be ignored for this session
console.warn: LoginRecipes: "getRecipes: falling back to a synchronous message for:" "https://login.live.com"
console.warn: LoginRecipes: "getRecipes: falling back to a synchronous message for:" "https://login.live.com"
console.warn: LoginRecipes: "getRecipes: falling back to a synchronous message for:" "https://login.live.com"
console.warn: LoginRecipes: "getRecipes: falling back to a synchronous message for:" "https://login.live.com"
1643829442291	Marionette	INFO	Stopped listening on port 64917
console.warn: TopSitesFeed: Failed to fetch data from Contile server: NetworkError when attempting to fetch resource.

###!!! [Parent][RunMessage] Error: Channel closing: too late to send/recv, messages will be lost

1643829457127	geckodriver	INFO	Listening on 127.0.0.1:63848
1643829460205	mozrunner::runner	INFO	Running command: "C:\\Program Files\\Mozilla Firefox\\firefox.exe" "--marionette" "--remote-debugging-port" "63849" "-no-remote" "-profile" "C:\\Users\\Sturgart\\AppData\\Local\\Temp\\rust_mozprofileSCyCal"
JavaScript error: cck2.cfg, line 24: ReferenceError: Components is not defined
1643829461737	Marionette	INFO	Marionette enabled
console.warn: SearchSettings: "get: No settings file exists, new profile?" (new NotFoundError("Could not open the file at C:\\Users\\Sturgart\\AppData\\Local\\Temp\\rust_mozprofileSCyCal\\search.json.mozlz4", (void 0)))
DevTools listening on ws://localhost:63849/devtools/browser/5fce65b9-42cb-4842-abf9-d7d6509f1565
1643829464617	Marionette	INFO	Listening on port 63854
1643829464979	RemoteAgent	WARN	TLS certificate errors will be ignored for this session
console.warn: LoginRecipes: "getRecipes: falling back to a synchronous message for:" "https://login.live.com"
console.warn: LoginRecipes: "getRecipes: falling back to a synchronous message for:" "https://login.live.com"
console.warn: LoginRecipes: "getRecipes: falling back to a synchronous message for:" "https://login.live.com"
console.warn: LoginRecipes: "getRecipes: falling back to a synchronous message for:" "https://login.live.com"
JavaScript error: resource://gre/modules/LoginManagerParent.jsm, line 136: TypeError: gRecipeManager is null
console.warn: LoginRecipes: "getRecipes: falling back to a synchronous message for:" "https://login.live.com"
JavaScript error: resource://gre/modules/LoginManagerParent.jsm, line 136: TypeError: gRecipeManager is null
console.warn: LoginRecipes: "getRecipes: falling back to a synchronous message for:" "https://login.live.com"
JavaScript error: resource://gre/modules/LoginManagerParent.jsm, line 136: TypeError: gRecipeManager is null
console.warn: LoginRecipes: "getRecipes: falling back to a synchronous message for:" "https://login.live.com"
JavaScript error: resource://gre/modules/LoginManagerParent.jsm, line 136: TypeError: gRecipeManager is null
console.warn: LoginRecipes: "getRecipes: falling back to a synchronous message for:" "https://login.live.com"
JavaScript error: resource://gre/modules/LoginManagerParent.jsm, line 136: TypeError: gRecipeManager is null
console.warn: LoginRecipes: "getRecipes: falling back to a synchronous message for:" "https://login.live.com"
JavaScript error: resource://gre/modules/LoginManagerParent.jsm, line 136: TypeError: gRecipeManager is null
console.warn: LoginRecipes: "getRecipes: falling back to a synchronous message for:" "https://login.live.com"
JavaScript error: resource://gre/modules/LoginManagerParent.jsm, line 136: TypeError: gRecipeManager is null
console.warn: LoginRecipes: "getRecipes: falling back to a synchronous message for:" "https://login.live.com"
JavaScript error: resource://gre/modules/LoginManagerParent.jsm, line 136: TypeError: gRecipeManager is null
console.warn: LoginRecipes: "getRecipes: falling back to a synchronous message for:" "https://login.live.com"
JavaScript error: resource://gre/modules/LoginManagerParent.jsm, line 136: TypeError: gRecipeManager is null
console.warn: LoginRecipes: "getRecipes: falling back to a synchronous message for:" "https://login.live.com"
JavaScript error: resource://gre/modules/LoginManagerParent.jsm, line 136: TypeError: gRecipeManager is null

###!!! [Child][RunMessage] Error: Channel closing: too late to send/recv, messages will be lost

1643829500485	Marionette	INFO	Stopped listening on port 63854
console.warn: TopSitesFeed: Failed to fetch data from Contile server: NetworkError when attempting to fetch resource.

###!!! [Parent][RunMessage] Error: Channel closing: too late to send/recv, messages will be lost

